{"/Users/robertgonia/code/insticator/src/constants.ts": {"path":"/Users/robertgonia/code/insticator/src/constants.ts","statementMap":{"0":{"start":{"line":1,"column":23},"end":{"line":1,"column":33}},"1":{"start":{"line":2,"column":16},"end":{"line":2,"column":43}},"2":{"start":{"line":11,"column":9},"end":{"line":11,"column":16}},"3":{"start":{"line":4,"column":23},"end":{"line":9,"column":2}},"4":{"start":{"line":11,"column":18},"end":{"line":11,"column":32}}},"fnMap":{},"branchMap":{},"s":{"0":3,"1":3,"2":3,"3":3,"4":3},"f":{},"b":{}}
,"/Users/robertgonia/code/insticator/src/session.ts": {"path":"/Users/robertgonia/code/insticator/src/session.ts","statementMap":{"0":{"start":{"line":1,"column":0},"end":{"line":1,"column":31}},"1":{"start":{"line":3,"column":0},"end":{"line":3,"column":41}},"2":{"start":{"line":4,"column":0},"end":{"line":4,"column":null}},"3":{"start":{"line":11,"column":20},"end":{"line":11,"column":50}},"4":{"start":{"line":13,"column":26},"end":{"line":22,"column":1}},"5":{"start":{"line":14,"column":19},"end":{"line":14,"column":52}},"6":{"start":{"line":15,"column":22},"end":{"line":15,"column":77}},"7":{"start":{"line":16,"column":18},"end":{"line":18,"column":null}},"8":{"start":{"line":20,"column":2},"end":{"line":20,"column":43}},"9":{"start":{"line":21,"column":2},"end":{"line":21,"column":66}},"10":{"start":{"line":74,"column":21},"end":{"line":74,"column":38}},"11":{"start":{"line":24,"column":22},"end":{"line":51,"column":1}},"12":{"start":{"line":25,"column":21},"end":{"line":25,"column":23}},"13":{"start":{"line":26,"column":27},"end":{"line":26,"column":60}},"14":{"start":{"line":28,"column":2},"end":{"line":43,"column":null}},"15":{"start":{"line":30,"column":6},"end":{"line":30,"column":58}},"16":{"start":{"line":31,"column":6},"end":{"line":31,"column":35}},"17":{"start":{"line":32,"column":6},"end":{"line":32,"column":12}},"18":{"start":{"line":34,"column":6},"end":{"line":34,"column":59}},"19":{"start":{"line":35,"column":6},"end":{"line":35,"column":34}},"20":{"start":{"line":36,"column":6},"end":{"line":36,"column":12}},"21":{"start":{"line":39,"column":6},"end":{"line":42,"column":8}},"22":{"start":{"line":45,"column":2},"end":{"line":45,"column":38}},"23":{"start":{"line":46,"column":2},"end":{"line":50,"column":4}},"24":{"start":{"line":74,"column":40},"end":{"line":74,"column":53}},"25":{"start":{"line":53,"column":22},"end":{"line":63,"column":1}},"26":{"start":{"line":54,"column":2},"end":{"line":58,"column":4}},"27":{"start":{"line":60,"column":2},"end":{"line":60,"column":42}},"28":{"start":{"line":61,"column":2},"end":{"line":61,"column":69}},"29":{"start":{"line":62,"column":2},"end":{"line":62,"column":20}},"30":{"start":{"line":74,"column":55},"end":{"line":74,"column":68}},"31":{"start":{"line":65,"column":19},"end":{"line":72,"column":1}},"32":{"start":{"line":66,"column":2},"end":{"line":66,"column":20}},"33":{"start":{"line":67,"column":2},"end":{"line":71,"column":null}},"34":{"start":{"line":68,"column":4},"end":{"line":68,"column":24}},"35":{"start":{"line":70,"column":4},"end":{"line":70,"column":31}},"36":{"start":{"line":74,"column":9},"end":{"line":74,"column":19}}},"fnMap":{"0":{"name":"(anonymous_9)","decl":{"start":{"line":13,"column":26},"end":{"line":13,"column":null}},"loc":{"start":{"line":13,"column":26},"end":{"line":22,"column":1}}},"1":{"name":"(anonymous_10)","decl":{"start":{"line":24,"column":22},"end":{"line":24,"column":23}},"loc":{"start":{"line":24,"column":49},"end":{"line":51,"column":1}}},"2":{"name":"(anonymous_11)","decl":{"start":{"line":53,"column":22},"end":{"line":53,"column":23}},"loc":{"start":{"line":53,"column":53},"end":{"line":63,"column":1}}},"3":{"name":"(anonymous_12)","decl":{"start":{"line":65,"column":19},"end":{"line":65,"column":null}},"loc":{"start":{"line":65,"column":19},"end":{"line":72,"column":1}}}},"branchMap":{"0":{"loc":{"start":{"line":15,"column":33},"end":{"line":15,"column":41}},"type":"cond-expr","locations":[{"start":{"line":15,"column":33},"end":{"line":15,"column":41}},{"start":{"line":15,"column":44},"end":{"line":15,"column":77}}]},"1":{"loc":{"start":{"line":29,"column":4},"end":{"line":32,"column":12}},"type":"switch","locations":[{"start":{"line":29,"column":4},"end":{"line":32,"column":12}},{"start":{"line":33,"column":4},"end":{"line":36,"column":12}},{"start":{"line":37,"column":4},"end":{"line":42,"column":8}}]},"2":{"loc":{"start":{"line":67,"column":2},"end":{"line":71,"column":null}},"type":"if","locations":[{"start":{"line":67,"column":2},"end":{"line":71,"column":null}},{"start":{"line":67,"column":2},"end":{"line":71,"column":null}}]}},"s":{"0":2,"1":2,"2":2,"3":2,"4":2,"5":2,"6":2,"7":2,"8":2,"9":2,"10":2,"11":2,"12":4,"13":4,"14":4,"15":2,"16":2,"17":2,"18":1,"19":1,"20":1,"21":1,"22":4,"23":4,"24":2,"25":2,"26":1,"27":1,"28":1,"29":1,"30":2,"31":2,"32":2,"33":2,"34":2,"35":0,"36":2},"f":{"0":2,"1":4,"2":1,"3":2},"b":{"0":[1,1],"1":[2,1,1],"2":[2,0]}}
,"/Users/robertgonia/code/insticator/src/utils.ts": {"path":"/Users/robertgonia/code/insticator/src/utils.ts","statementMap":{"0":{"start":{"line":1,"column":0},"end":{"line":1,"column":31}},"1":{"start":{"line":3,"column":0},"end":{"line":3,"column":41}},"2":{"start":{"line":4,"column":0},"end":{"line":4,"column":42}},"3":{"start":{"line":6,"column":21},"end":{"line":13,"column":1}},"4":{"start":{"line":7,"column":14},"end":{"line":7,"column":24}},"5":{"start":{"line":8,"column":24},"end":{"line":8,"column":62}},"6":{"start":{"line":10,"column":2},"end":{"line":12,"column":20}},"7":{"start":{"line":11,"column":4},"end":{"line":11,"column":45}},"8":{"start":{"line":67,"column":2},"end":{"line":67,"column":14}},"9":{"start":{"line":15,"column":24},"end":{"line":27,"column":1}},"10":{"start":{"line":16,"column":14},"end":{"line":16,"column":24}},"11":{"start":{"line":17,"column":19},"end":{"line":24,"column":4}},"12":{"start":{"line":25,"column":2},"end":{"line":25,"column":43}},"13":{"start":{"line":26,"column":2},"end":{"line":26,"column":40}},"14":{"start":{"line":71,"column":2},"end":{"line":71,"column":17}},"15":{"start":{"line":29,"column":19},"end":{"line":32,"column":1}},"16":{"start":{"line":30,"column":16},"end":{"line":30,"column":60}},"17":{"start":{"line":31,"column":2},"end":{"line":31,"column":26}},"18":{"start":{"line":68,"column":2},"end":{"line":68,"column":12}},"19":{"start":{"line":34,"column":20},"end":{"line":37,"column":1}},"20":{"start":{"line":35,"column":19},"end":{"line":35,"column":57}},"21":{"start":{"line":36,"column":2},"end":{"line":36,"column":59}},"22":{"start":{"line":69,"column":2},"end":{"line":69,"column":13}},"23":{"start":{"line":39,"column":18},"end":{"line":41,"column":1}},"24":{"start":{"line":40,"column":2},"end":{"line":40,"column":57}},"25":{"start":{"line":70,"column":2},"end":{"line":70,"column":11}},"26":{"start":{"line":43,"column":24},"end":{"line":51,"column":1}},"27":{"start":{"line":44,"column":2},"end":{"line":44,"column":38}},"28":{"start":{"line":45,"column":2},"end":{"line":45,"column":30}},"29":{"start":{"line":46,"column":2},"end":{"line":49,"column":null}},"30":{"start":{"line":72,"column":2},"end":{"line":72,"column":17}},"31":{"start":{"line":53,"column":27},"end":{"line":64,"column":1}},"32":{"start":{"line":57,"column":2},"end":{"line":63,"column":null}},"33":{"start":{"line":58,"column":4},"end":{"line":58,"column":28}},"34":{"start":{"line":59,"column":9},"end":{"line":63,"column":null}},"35":{"start":{"line":60,"column":4},"end":{"line":60,"column":21}},"36":{"start":{"line":62,"column":4},"end":{"line":62,"column":23}},"37":{"start":{"line":73,"column":2},"end":{"line":73,"column":20}}},"fnMap":{"0":{"name":"(anonymous_9)","decl":{"start":{"line":6,"column":21},"end":{"line":6,"column":22}},"loc":{"start":{"line":6,"column":60},"end":{"line":13,"column":1}}},"1":{"name":"(anonymous_10)","decl":{"start":{"line":10,"column":13},"end":{"line":10,"column":null}},"loc":{"start":{"line":10,"column":13},"end":{"line":12,"column":3}}},"2":{"name":"(anonymous_11)","decl":{"start":{"line":15,"column":24},"end":{"line":15,"column":null}},"loc":{"start":{"line":15,"column":24},"end":{"line":27,"column":1}}},"3":{"name":"(anonymous_12)","decl":{"start":{"line":29,"column":19},"end":{"line":29,"column":20}},"loc":{"start":{"line":29,"column":30},"end":{"line":32,"column":1}}},"4":{"name":"(anonymous_13)","decl":{"start":{"line":34,"column":20},"end":{"line":34,"column":21}},"loc":{"start":{"line":34,"column":39},"end":{"line":37,"column":1}}},"5":{"name":"(anonymous_14)","decl":{"start":{"line":39,"column":18},"end":{"line":39,"column":19}},"loc":{"start":{"line":39,"column":37},"end":{"line":41,"column":1}}},"6":{"name":"(anonymous_15)","decl":{"start":{"line":43,"column":24},"end":{"line":43,"column":25}},"loc":{"start":{"line":43,"column":69},"end":{"line":51,"column":1}}},"7":{"name":"(anonymous_16)","decl":{"start":{"line":53,"column":27},"end":{"line":53,"column":null}},"loc":{"start":{"line":55,"column":18},"end":{"line":64,"column":1}}}},"branchMap":{"0":{"loc":{"start":{"line":36,"column":43},"end":{"line":36,"column":51}},"type":"cond-expr","locations":[{"start":{"line":36,"column":43},"end":{"line":36,"column":51}},{"start":{"line":36,"column":54},"end":{"line":36,"column":58}}]},"1":{"loc":{"start":{"line":36,"column":9},"end":{"line":36,"column":17}},"type":"binary-expr","locations":[{"start":{"line":36,"column":9},"end":{"line":36,"column":17}},{"start":{"line":36,"column":21},"end":{"line":36,"column":40}}]},"2":{"loc":{"start":{"line":57,"column":2},"end":{"line":63,"column":null}},"type":"if","locations":[{"start":{"line":57,"column":2},"end":{"line":63,"column":null}},{"start":{"line":57,"column":2},"end":{"line":63,"column":null}}]},"3":{"loc":{"start":{"line":57,"column":6},"end":{"line":57,"column":23}},"type":"binary-expr","locations":[{"start":{"line":57,"column":6},"end":{"line":57,"column":23}},{"start":{"line":57,"column":27},"end":{"line":57,"column":56}}]},"4":{"loc":{"start":{"line":59,"column":9},"end":{"line":63,"column":null}},"type":"if","locations":[{"start":{"line":59,"column":9},"end":{"line":63,"column":null}},{"start":{"line":59,"column":9},"end":{"line":63,"column":null}}]}},"s":{"0":3,"1":3,"2":3,"3":3,"4":4,"5":4,"6":4,"7":1,"8":3,"9":3,"10":3,"11":3,"12":3,"13":3,"14":3,"15":3,"16":6,"17":6,"18":3,"19":3,"20":8,"21":8,"22":3,"23":3,"24":4,"25":3,"26":3,"27":3,"28":3,"29":3,"30":3,"31":3,"32":4,"33":2,"34":2,"35":1,"36":1,"37":3},"f":{"0":4,"1":1,"2":3,"3":6,"4":8,"5":4,"6":3,"7":4},"b":{"0":[4,4],"1":[8,4],"2":[2,2],"3":[4,2],"4":[1,1]}}
}
