TN:
SF:src/constants.ts
FNF:0
FNH:0
DA:1,3
DA:2,3
DA:4,3
DA:11,3
LF:4
LH:4
BRF:0
BRH:0
end_of_record
TN:
SF:src/session.ts
FN:13,(anonymous_9)
FN:24,(anonymous_10)
FN:53,(anonymous_11)
FN:65,(anonymous_12)
FNF:4
FNH:4
FNDA:2,(anonymous_9)
FNDA:4,(anonymous_10)
FNDA:1,(anonymous_11)
FNDA:2,(anonymous_12)
DA:1,2
DA:3,2
DA:4,2
DA:11,2
DA:13,2
DA:14,2
DA:15,2
DA:16,2
DA:20,2
DA:21,2
DA:24,2
DA:25,4
DA:26,4
DA:28,4
DA:30,2
DA:31,2
DA:32,2
DA:34,1
DA:35,1
DA:36,1
DA:39,1
DA:45,4
DA:46,4
DA:53,2
DA:54,1
DA:60,1
DA:61,1
DA:62,1
DA:65,2
DA:66,2
DA:67,2
DA:68,2
DA:70,0
DA:74,2
LF:34
LH:33
BRDA:15,0,0,1
BRDA:15,0,1,1
BRDA:29,1,0,2
BRDA:29,1,1,1
BRDA:29,1,2,1
BRDA:67,2,0,2
BRDA:67,2,1,0
BRF:7
BRH:6
end_of_record
TN:
SF:src/utils.ts
FN:6,(anonymous_9)
FN:10,(anonymous_10)
FN:15,(anonymous_11)
FN:29,(anonymous_12)
FN:34,(anonymous_13)
FN:39,(anonymous_14)
FN:43,(anonymous_15)
FN:53,(anonymous_16)
FNF:8
FNH:8
FNDA:4,(anonymous_9)
FNDA:1,(anonymous_10)
FNDA:3,(anonymous_11)
FNDA:6,(anonymous_12)
FNDA:8,(anonymous_13)
FNDA:4,(anonymous_14)
FNDA:3,(anonymous_15)
FNDA:4,(anonymous_16)
DA:1,3
DA:3,3
DA:4,3
DA:6,3
DA:7,4
DA:8,4
DA:10,4
DA:11,1
DA:15,3
DA:16,3
DA:17,3
DA:25,3
DA:26,3
DA:29,3
DA:30,6
DA:31,6
DA:34,3
DA:35,8
DA:36,8
DA:39,3
DA:40,4
DA:43,3
DA:44,3
DA:45,3
DA:46,3
DA:53,3
DA:57,4
DA:58,2
DA:59,2
DA:60,1
DA:62,1
DA:67,3
DA:68,3
DA:69,3
DA:70,3
DA:71,3
DA:72,3
DA:73,3
LF:38
LH:38
BRDA:36,0,0,4
BRDA:36,0,1,4
BRDA:36,1,0,8
BRDA:36,1,1,4
BRDA:57,2,0,2
BRDA:57,2,1,2
BRDA:57,3,0,4
BRDA:57,3,1,2
BRDA:59,4,0,1
BRDA:59,4,1,1
BRF:10
BRH:10
end_of_record
