TN:
SF:src/session.ts
FN:16,(anonymous_3)
FN:27,(anonymous_4)
FN:53,(anonymous_5)
FN:70,(anonymous_6)
FNF:4
FNH:4
FNDA:2,(anonymous_3)
FNDA:3,(anonymous_4)
FNDA:1,(anonymous_5)
FNDA:2,(anonymous_6)
DA:1,2
DA:3,2
DA:5,2
DA:6,2
DA:7,2
DA:9,2
DA:16,2
DA:17,2
DA:18,2
DA:19,2
DA:23,2
DA:24,2
DA:27,2
DA:34,3
DA:35,3
DA:36,1
DA:37,1
DA:41,3
DA:42,1
DA:44,3
DA:49,3
DA:50,3
DA:53,2
DA:59,1
DA:65,1
DA:66,1
DA:67,1
DA:70,2
DA:71,2
DA:72,2
DA:73,2
DA:75,0
DA:80,2
DA:81,2
DA:82,2
DA:83,2
DA:84,2
DA:85,2
LF:38
LH:37
BRDA:18,0,0,1
BRDA:18,0,1,1
BRDA:35,1,0,1
BRDA:35,1,1,2
BRDA:35,2,0,3
BRDA:35,2,1,1
BRDA:41,3,0,1
BRDA:41,3,1,2
BRDA:72,4,0,2
BRDA:72,4,1,0
BRF:10
BRH:9
end_of_record
TN:
SF:src/utils.ts
FN:4,(anonymous_1)
FN:8,(anonymous_2)
FN:13,(anonymous_3)
FN:27,(anonymous_4)
FN:32,(anonymous_5)
FN:37,(anonymous_6)
FNF:6
FNH:6
FNDA:4,(anonymous_1)
FNDA:1,(anonymous_2)
FNDA:3,(anonymous_3)
FNDA:4,(anonymous_4)
FNDA:7,(anonymous_5)
FNDA:5,(anonymous_6)
DA:1,3
DA:2,3
DA:4,3
DA:5,4
DA:6,4
DA:8,4
DA:9,1
DA:13,3
DA:14,3
DA:15,3
DA:23,3
DA:24,3
DA:27,3
DA:28,4
DA:29,4
DA:32,3
DA:33,7
DA:34,7
DA:37,3
DA:38,5
DA:39,5
DA:42,3
LF:22
LH:22
BRDA:34,0,0,3
BRDA:34,0,1,4
BRDA:34,1,0,7
BRDA:34,1,1,3
BRF:4
BRH:4
end_of_record
